<?xml version="1.0" encoding="UTF-8" ?>
<testsuite errors="0" failures="0" hostname="DESKTOP-BORQ2HR" name="DataQueryTest" skipped="0" tests="5" time="0.156" timestamp="2021-09-18T02:23:37">
  <properties>
[...]
</properties>
  <testcase classname="DataQueryTest" name="groupAges" time="0.031" />
  <testcase classname="DataQueryTest" name="testData" time="0.016" />
  <testcase classname="DataQueryTest" name="highestAge" time="0.0" />
  <testcase classname="DataQueryTest" name="averageAge" time="0.0" />
  <testcase classname="DataQueryTest" name="groupCountry" time="0.0" />
  <system-out><![CDATA[]]></system-out>
  <system-err><![CDATA[]]></system-err>
</testsuite>
